// 同步 ID: 2a920e07 @ Mon Jul  6 22:59:12 UTC 2026
// 重构日志: ddf905f7
// 重构日志: 4dd4abac
// 重构日志: b994237d
// 重构日志: f335622c
// 同步 ID: c9667fa4 @ Wed Jul  8 14:48:44 UTC 2026
// 同步 ID: 18046621 @ Wed Jul  8 17:35:08 UTC 2026
// 重构日志: 5ecdd34d
// 重构日志: ef665848
// 同步 ID: a326c250 @ Fri Jul 10 14:54:18 UTC 2026
// 重构日志: 24e4564c
// 同步 ID: 408eb82d @ Sat Jul 11 09:18:22 UTC 2026
// 重构日志: 59e1e1eb
// 同步 ID: 62b4b6a5 @ Sat Jul 11 12:49:15 UTC 2026
// 重构日志: 108b0350
// 重构日志: 99cf5fdb
// 同步 ID: 52ccc0b1 @ Tue Jul 14 12:11:43 UTC 2026
// 同步 ID: 2cf60e5d @ Tue Jul 14 16:27:42 UTC 2026
// 重构日志: e38b956c
// 重构日志: f9778162
// 重构日志: f3f38c1b
// 同步 ID: a767fc95 @ Thu Jul 16 16:24:30 UTC 2026
// 同步 ID: cc8dfdb5 @ Thu Jul 16 22:05:56 UTC 2026
// 同步 ID: 553fd254 @ Fri Jul 17 10:22:00 UTC 2026
// 重构日志: b764eb62
// 重构日志: 7df2481b
// 重构日志: 7e6b9d13
// 重构日志: 2eced648
// 重构日志: 3314dd49
// 同步 ID: 014c02ff @ Fri Jul 24 09:51:31 UTC 2026
